# JRE version: Java(TM) SE Runtime Environment (8.0_51-b16) (build 1.8.0_51-b16)
# Java VM: Java HotSpot(TM) 64-Bit Server VM (25.51-b03 mixed mode windows-amd64 compressed oops)
Heap:
 PSYoungGen      total 309248K, used 179060K [0x00000000eab00000, 0x00000000ffb80000, 0x0000000100000000)
  eden space 306688K, 58% used [0x00000000eab00000,0x00000000f59dd3a8,0x00000000fd680000)
  from space 2560K, 0% used [0x00000000fd680000,0x00000000fd680000,0x00000000fd900000)
  to   space 18944K, 0% used [0x00000000fe900000,0x00000000fe900000,0x00000000ffb80000)
 ParOldGen       total 53760K, used 33980K [0x00000000c0000000, 0x00000000c3480000, 0x00000000eab00000)
  object space 53760K, 63% used [0x00000000c0000000,0x00000000c212f020,0x00000000c3480000)
 Metaspace       used 55886K, capacity 59562K, committed 59904K, reserved 1101824K
  class space    used 7319K, capacity 7790K, committed 7936K, reserved 1048576K
GC Heap History (10 events):
Event: 8351.456 GC heap before
{Heap before GC invocations=26 (full 9):
 PSYoungGen      total 309760K, used 2655K [0x00000000eab00000, 0x00000000ffe80000, 0x0000000100000000)
  eden space 306688K, 0% used [0x00000000eab00000,0x00000000eab00000,0x00000000fd680000)
  from space 3072K, 86% used [0x00000000fd680000,0x00000000fd917c50,0x00000000fd980000)
  to   space 20480K, 0% used [0x00000000fea80000,0x00000000fea80000,0x00000000ffe80000)
 ParOldGen       total 53760K, used 33410K [0x00000000c0000000, 0x00000000c3480000, 0x00000000eab00000)
  object space 53760K, 62% used [0x00000000c0000000,0x00000000c20a09b8,0x00000000c3480000)
 Metaspace       used 54401K, capacity 57482K, committed 57856K, reserved 1099776K
  class space    used 7125K, capacity 7565K, committed 7936K, reserved 1048576K
Event: 8351.853 GC heap after
Heap after GC invocations=26 (full 9):
 PSYoungGen      total 309760K, used 0K [0x00000000eab00000, 0x00000000ffe80000, 0x0000000100000000)
  eden space 306688K, 0% used [0x00000000eab00000,0x00000000eab00000,0x00000000fd680000)
  from space 3072K, 0% used [0x00000000fd680000,0x00000000fd680000,0x00000000fd980000)
  to   space 20480K, 0% used [0x00000000fea80000,0x00000000fea80000,0x00000000ffe80000)
 ParOldGen       total 53760K, used 33780K [0x00000000c0000000, 0x00000000c3480000, 0x00000000eab00000)
  object space 53760K, 62% used [0x00000000c0000000,0x00000000c20fd3d8,0x00000000c3480000)
 Metaspace       used 54401K, capacity 57482K, committed 57856K, reserved 1099776K
  class space    used 7125K, capacity 7565K, committed 7936K, reserved 1048576K
}
Event: 8606.356 GC heap before
{Heap before GC invocations=27 (full 9):
 PSYoungGen      total 309760K, used 117983K [0x00000000eab00000, 0x00000000ffe80000, 0x0000000100000000)
  eden space 306688K, 38% used [0x00000000eab00000,0x00000000f1e37de0,0x00000000fd680000)
  from space 3072K, 0% used [0x00000000fd680000,0x00000000fd680000,0x00000000fd980000)
  to   space 20480K, 0% used [0x00000000fea80000,0x00000000fea80000,0x00000000ffe80000)
 ParOldGen       total 53760K, used 33780K [0x00000000c0000000, 0x00000000c3480000, 0x00000000eab00000)
  object space 53760K, 62% used [0x00000000c0000000,0x00000000c20fd3d8,0x00000000c3480000)
 Metaspace       used 55297K, capacity 58368K, committed 58880K, reserved 1099776K
  class space    used 7241K, capacity 7667K, committed 7936K, reserved 1048576K
Event: 8606.365 GC heap after
Heap after GC invocations=27 (full 9):
 PSYoungGen      total 325120K, used 2303K [0x00000000eab00000, 0x00000000ffc80000, 0x0000000100000000)
  eden space 306688K, 0% used [0x00000000eab00000,0x00000000eab00000,0x00000000fd680000)
  from space 18432K, 12% used [0x00000000fea80000,0x00000000fecbff88,0x00000000ffc80000)
  to   space 19456K, 0% used [0x00000000fd680000,0x00000000fd680000,0x00000000fe980000)
 ParOldGen       total 53760K, used 33788K [0x00000000c0000000, 0x00000000c3480000, 0x00000000eab00000)
  object space 53760K, 62% used [0x00000000c0000000,0x00000000c20ff3d8,0x00000000c3480000)
 Metaspace       used 55297K, capacity 58368K, committed 58880K, reserved 1099776K
  class space    used 7241K, capacity 7667K, committed 7936K, reserved 1048576K
}
Event: 8606.365 GC heap before
{Heap before GC invocations=28 (full 10):
 PSYoungGen      total 325120K, used 2303K [0x00000000eab00000, 0x00000000ffc80000, 0x0000000100000000)
  eden space 306688K, 0% used [0x00000000eab00000,0x00000000eab00000,0x00000000fd680000)
  from space 18432K, 12% used [0x00000000fea80000,0x00000000fecbff88,0x00000000ffc80000)
  to   space 19456K, 0% used [0x00000000fd680000,0x00000000fd680000,0x00000000fe980000)
 ParOldGen       total 53760K, used 33788K [0x00000000c0000000, 0x00000000c3480000, 0x00000000eab00000)
  object space 53760K, 62% used [0x00000000c0000000,0x00000000c20ff3d8,0x00000000c3480000)
 Metaspace       used 55297K, capacity 58368K, committed 58880K, reserved 1099776K
  class space    used 7241K, capacity 7667K, committed 7936K, reserved 1048576K
Event: 8606.706 GC heap after
Heap after GC invocations=28 (full 10):
 PSYoungGen      total 325120K, used 0K [0x00000000eab00000, 0x00000000ffc80000, 0x0000000100000000)
  eden space 306688K, 0% used [0x00000000eab00000,0x00000000eab00000,0x00000000fd680000)
  from space 18432K, 0% used [0x00000000fea80000,0x00000000fea80000,0x00000000ffc80000)
  to   space 19456K, 0% used [0x00000000fd680000,0x00000000fd680000,0x00000000fe980000)
 ParOldGen       total 53760K, used 33718K [0x00000000c0000000, 0x00000000c3480000, 0x00000000eab00000)
  object space 53760K, 62% used [0x00000000c0000000,0x00000000c20ed990,0x00000000c3480000)
 Metaspace       used 55297K, capacity 58368K, committed 58880K, reserved 1099776K
  class space    used 7241K, capacity 7667K, committed 7936K, reserved 1048576K
}
Event: 8808.732 GC heap before
{Heap before GC invocations=29 (full 10):
 PSYoungGen      total 325120K, used 208003K [0x00000000eab00000, 0x00000000ffc80000, 0x0000000100000000)
  eden space 306688K, 67% used [0x00000000eab00000,0x00000000f7620d88,0x00000000fd680000)
  from space 18432K, 0% used [0x00000000fea80000,0x00000000fea80000,0x00000000ffc80000)
  to   space 19456K, 0% used [0x00000000fd680000,0x00000000fd680000,0x00000000fe980000)
 ParOldGen       total 53760K, used 33718K [0x00000000c0000000, 0x00000000c3480000, 0x00000000eab00000)
  object space 53760K, 62% used [0x00000000c0000000,0x00000000c20ed990,0x00000000c3480000)
 Metaspace       used 55516K, capacity 58668K, committed 59136K, reserved 1099776K
  class space    used 7253K, capacity 7679K, committed 7936K, reserved 1048576K
Event: 8808.742 GC heap after
Heap after GC invocations=29 (full 10):
 PSYoungGen      total 309248K, used 2534K [0x00000000eab00000, 0x00000000ffb80000, 0x0000000100000000)
  eden space 306688K, 0% used [0x00000000eab00000,0x00000000eab00000,0x00000000fd680000)
  from space 2560K, 99% used [0x00000000fd680000,0x00000000fd8f9a80,0x00000000fd900000)
  to   space 18944K, 0% used [0x00000000fe900000,0x00000000fe900000,0x00000000ffb80000)
 ParOldGen       total 53760K, used 33726K [0x00000000c0000000, 0x00000000c3480000, 0x00000000eab00000)
  object space 53760K, 62% used [0x00000000c0000000,0x00000000c20ef990,0x00000000c3480000)
 Metaspace       used 55516K, capacity 58668K, committed 59136K, reserved 1099776K
  class space    used 7253K, capacity 7679K, committed 7936K, reserved 1048576K
}
Event: 8808.742 GC heap before
{Heap before GC invocations=30 (full 11):
 PSYoungGen      total 309248K, used 2534K [0x00000000eab00000, 0x00000000ffb80000, 0x0000000100000000)
  eden space 306688K, 0% used [0x00000000eab00000,0x00000000eab00000,0x00000000fd680000)
  from space 2560K, 99% used [0x00000000fd680000,0x00000000fd8f9a80,0x00000000fd900000)
  to   space 18944K, 0% used [0x00000000fe900000,0x00000000fe900000,0x00000000ffb80000)
 ParOldGen       total 53760K, used 33726K [0x00000000c0000000, 0x00000000c3480000, 0x00000000eab00000)
  object space 53760K, 62% used [0x00000000c0000000,0x00000000c20ef990,0x00000000c3480000)
 Metaspace       used 55516K, capacity 58668K, committed 59136K, reserved 1099776K
  class space    used 7253K, capacity 7679K, committed 7936K, reserved 1048576K
Event: 8808.994 GC heap after
Heap after GC invocations=30 (full 11):
 PSYoungGen      total 309248K, used 0K [0x00000000eab00000, 0x00000000ffb80000, 0x0000000100000000)
  eden space 306688K, 0% used [0x00000000eab00000,0x00000000eab00000,0x00000000fd680000)
  from space 2560K, 0% used [0x00000000fd680000,0x00000000fd680000,0x00000000fd900000)
  to   space 18944K, 0% used [0x00000000fe900000,0x00000000fe900000,0x00000000ffb80000)
 ParOldGen       total 53760K, used 33980K [0x00000000c0000000, 0x00000000c3480000, 0x00000000eab00000)
  object space 53760K, 63% used [0x00000000c0000000,0x00000000c212f020,0x00000000c3480000)
 Metaspace       used 55516K, capacity 58668K, committed 59136K, reserved 1099776K
  class space    used 7253K, capacity 7679K, committed 7936K, reserved 1048576K
}

